<?xml version="1.0" encoding="UTF-8"?>
<coverage line-rate="0" branch-rate="0" lines-covered="0" lines-valid="149" branches-covered="0" branches-valid="0" complexity="0" version="3.6.1" timestamp="2023-03-23 17:22:11">
  <sources/>
  <packages>
    <package name="verdepcheck" line-rate="0" branch-rate="0" complexity="0">
      <classes>
        <class name="check.R" filename="R/check.R" line-rate="0" branch-rate="0" complexity="0">
          <methods>
            <method name="install_ip" signature="" line-rate="0" branch-rate="0">
              <lines>
                <line number="15" hits="0" branch="false"/>
                <line number="16" hits="0" branch="false"/>
                <line number="18" hits="0" branch="false"/>
                <line number="19" hits="0" branch="false"/>
                <line number="21" hits="0" branch="false"/>
                <line number="22" hits="0" branch="false"/>
                <line number="24" hits="0" branch="false"/>
              </lines>
            </method>
            <method name="check_ip" signature="" line-rate="0" branch-rate="0">
              <lines>
                <line number="47" hits="0" branch="false"/>
                <line number="48" hits="0" branch="false"/>
                <line number="49" hits="0" branch="false"/>
                <line number="50" hits="0" branch="false"/>
                <line number="51" hits="0" branch="false"/>
                <line number="52" hits="0" branch="false"/>
                <line number="53" hits="0" branch="false"/>
                <line number="54" hits="0" branch="false"/>
              </lines>
            </method>
            <method name="max_deps_check" signature="" line-rate="0" branch-rate="0">
              <lines>
                <line number="79" hits="0" branch="false"/>
                <line number="80" hits="0" branch="false"/>
                <line number="81" hits="0" branch="false"/>
                <line number="83" hits="0" branch="false"/>
              </lines>
            </method>
            <method name="release_deps_check" signature="" line-rate="0" branch-rate="0">
              <lines>
                <line number="93" hits="0" branch="false"/>
                <line number="94" hits="0" branch="false"/>
                <line number="95" hits="0" branch="false"/>
                <line number="97" hits="0" branch="false"/>
              </lines>
            </method>
            <method name="min_deps_check" signature="" line-rate="0" branch-rate="0">
              <lines>
                <line number="107" hits="0" branch="false"/>
                <line number="108" hits="0" branch="false"/>
                <line number="109" hits="0" branch="false"/>
                <line number="111" hits="0" branch="false"/>
              </lines>
            </method>
          </methods>
          <lines>
            <line number="15" hits="0" branch="false"/>
            <line number="16" hits="0" branch="false"/>
            <line number="18" hits="0" branch="false"/>
            <line number="19" hits="0" branch="false"/>
            <line number="21" hits="0" branch="false"/>
            <line number="22" hits="0" branch="false"/>
            <line number="24" hits="0" branch="false"/>
            <line number="47" hits="0" branch="false"/>
            <line number="48" hits="0" branch="false"/>
            <line number="49" hits="0" branch="false"/>
            <line number="50" hits="0" branch="false"/>
            <line number="51" hits="0" branch="false"/>
            <line number="52" hits="0" branch="false"/>
            <line number="53" hits="0" branch="false"/>
            <line number="54" hits="0" branch="false"/>
            <line number="79" hits="0" branch="false"/>
            <line number="80" hits="0" branch="false"/>
            <line number="81" hits="0" branch="false"/>
            <line number="83" hits="0" branch="false"/>
            <line number="93" hits="0" branch="false"/>
            <line number="94" hits="0" branch="false"/>
            <line number="95" hits="0" branch="false"/>
            <line number="97" hits="0" branch="false"/>
            <line number="107" hits="0" branch="false"/>
            <line number="108" hits="0" branch="false"/>
            <line number="109" hits="0" branch="false"/>
            <line number="111" hits="0" branch="false"/>
          </lines>
        </class>
        <class name="deps_installation_proposal.R" filename="R/deps_installation_proposal.R" line-rate="0" branch-rate="0" complexity="0">
          <methods>
            <method name="new_max_deps_installation_proposal" signature="" line-rate="0" branch-rate="0">
              <lines>
                <line number="39" hits="0" branch="false"/>
                <line number="41" hits="0" branch="false"/>
                <line number="42" hits="0" branch="false"/>
                <line number="43" hits="0" branch="false"/>
                <line number="46" hits="0" branch="false"/>
                <line number="47" hits="0" branch="false"/>
                <line number="48" hits="0" branch="false"/>
                <line number="49" hits="0" branch="false"/>
                <line number="50" hits="0" branch="false"/>
              </lines>
            </method>
            <method name="new_release_deps_installation_proposal" signature="" line-rate="0" branch-rate="0">
              <lines>
                <line number="63" hits="0" branch="false"/>
                <line number="65" hits="0" branch="false"/>
                <line number="66" hits="0" branch="false"/>
                <line number="67" hits="0" branch="false"/>
                <line number="70" hits="0" branch="false"/>
                <line number="71" hits="0" branch="false"/>
                <line number="72" hits="0" branch="false"/>
                <line number="73" hits="0" branch="false"/>
                <line number="74" hits="0" branch="false"/>
                <line number="75" hits="0" branch="false"/>
                <line number="76" hits="0" branch="false"/>
                <line number="77" hits="0" branch="false"/>
                <line number="78" hits="0" branch="false"/>
                <line number="79" hits="0" branch="false"/>
                <line number="80" hits="0" branch="false"/>
                <line number="81" hits="0" branch="false"/>
                <line number="82" hits="0" branch="false"/>
                <line number="83" hits="0" branch="false"/>
                <line number="84" hits="0" branch="false"/>
                <line number="85" hits="0" branch="false"/>
                <line number="87" hits="0" branch="false"/>
                <line number="90" hits="0" branch="false"/>
                <line number="91" hits="0" branch="false"/>
                <line number="93" hits="0" branch="false"/>
                <line number="94" hits="0" branch="false"/>
                <line number="95" hits="0" branch="false"/>
                <line number="96" hits="0" branch="false"/>
              </lines>
            </method>
            <method name="new_min_deps_installation_proposal" signature="" line-rate="0" branch-rate="0">
              <lines>
                <line number="109" hits="0" branch="false"/>
                <line number="111" hits="0" branch="false"/>
                <line number="112" hits="0" branch="false"/>
                <line number="113" hits="0" branch="false"/>
                <line number="116" hits="0" branch="false"/>
                <line number="117" hits="0" branch="false"/>
                <line number="118" hits="0" branch="false"/>
                <line number="119" hits="0" branch="false"/>
                <line number="120" hits="0" branch="false"/>
                <line number="121" hits="0" branch="false"/>
                <line number="122" hits="0" branch="false"/>
                <line number="123" hits="0" branch="false"/>
                <line number="126" hits="0" branch="false"/>
                <line number="128" hits="0" branch="false"/>
                <line number="130" hits="0" branch="false"/>
                <line number="131" hits="0" branch="false"/>
                <line number="132" hits="0" branch="false"/>
                <line number="133" hits="0" branch="false"/>
                <line number="134" hits="0" branch="false"/>
                <line number="135" hits="0" branch="false"/>
                <line number="136" hits="0" branch="false"/>
                <line number="140" hits="0" branch="false"/>
                <line number="141" hits="0" branch="false"/>
                <line number="142" hits="0" branch="false"/>
                <line number="143" hits="0" branch="false"/>
                <line number="144" hits="0" branch="false"/>
                <line number="145" hits="0" branch="false"/>
                <line number="146" hits="0" branch="false"/>
                <line number="147" hits="0" branch="false"/>
                <line number="148" hits="0" branch="false"/>
                <line number="149" hits="0" branch="false"/>
                <line number="150" hits="0" branch="false"/>
                <line number="152" hits="0" branch="false"/>
                <line number="154" hits="0" branch="false"/>
                <line number="155" hits="0" branch="false"/>
                <line number="156" hits="0" branch="false"/>
                <line number="158" hits="0" branch="false"/>
                <line number="161" hits="0" branch="false"/>
                <line number="162" hits="0" branch="false"/>
                <line number="164" hits="0" branch="false"/>
                <line number="165" hits="0" branch="false"/>
                <line number="166" hits="0" branch="false"/>
                <line number="167" hits="0" branch="false"/>
              </lines>
            </method>
          </methods>
          <lines>
            <line number="39" hits="0" branch="false"/>
            <line number="41" hits="0" branch="false"/>
            <line number="42" hits="0" branch="false"/>
            <line number="43" hits="0" branch="false"/>
            <line number="46" hits="0" branch="false"/>
            <line number="47" hits="0" branch="false"/>
            <line number="48" hits="0" branch="false"/>
            <line number="49" hits="0" branch="false"/>
            <line number="50" hits="0" branch="false"/>
            <line number="63" hits="0" branch="false"/>
            <line number="65" hits="0" branch="false"/>
            <line number="66" hits="0" branch="false"/>
            <line number="67" hits="0" branch="false"/>
            <line number="70" hits="0" branch="false"/>
            <line number="71" hits="0" branch="false"/>
            <line number="72" hits="0" branch="false"/>
            <line number="73" hits="0" branch="false"/>
            <line number="74" hits="0" branch="false"/>
            <line number="75" hits="0" branch="false"/>
            <line number="76" hits="0" branch="false"/>
            <line number="77" hits="0" branch="false"/>
            <line number="78" hits="0" branch="false"/>
            <line number="79" hits="0" branch="false"/>
            <line number="80" hits="0" branch="false"/>
            <line number="81" hits="0" branch="false"/>
            <line number="82" hits="0" branch="false"/>
            <line number="83" hits="0" branch="false"/>
            <line number="84" hits="0" branch="false"/>
            <line number="85" hits="0" branch="false"/>
            <line number="87" hits="0" branch="false"/>
            <line number="90" hits="0" branch="false"/>
            <line number="91" hits="0" branch="false"/>
            <line number="93" hits="0" branch="false"/>
            <line number="94" hits="0" branch="false"/>
            <line number="95" hits="0" branch="false"/>
            <line number="96" hits="0" branch="false"/>
            <line number="109" hits="0" branch="false"/>
            <line number="111" hits="0" branch="false"/>
            <line number="112" hits="0" branch="false"/>
            <line number="113" hits="0" branch="false"/>
            <line number="116" hits="0" branch="false"/>
            <line number="117" hits="0" branch="false"/>
            <line number="118" hits="0" branch="false"/>
            <line number="119" hits="0" branch="false"/>
            <line number="120" hits="0" branch="false"/>
            <line number="121" hits="0" branch="false"/>
            <line number="122" hits="0" branch="false"/>
            <line number="123" hits="0" branch="false"/>
            <line number="126" hits="0" branch="false"/>
            <line number="128" hits="0" branch="false"/>
            <line number="130" hits="0" branch="false"/>
            <line number="131" hits="0" branch="false"/>
            <line number="132" hits="0" branch="false"/>
            <line number="133" hits="0" branch="false"/>
            <line number="134" hits="0" branch="false"/>
            <line number="135" hits="0" branch="false"/>
            <line number="136" hits="0" branch="false"/>
            <line number="140" hits="0" branch="false"/>
            <line number="141" hits="0" branch="false"/>
            <line number="142" hits="0" branch="false"/>
            <line number="143" hits="0" branch="false"/>
            <line number="144" hits="0" branch="false"/>
            <line number="145" hits="0" branch="false"/>
            <line number="146" hits="0" branch="false"/>
            <line number="147" hits="0" branch="false"/>
            <line number="148" hits="0" branch="false"/>
            <line number="149" hits="0" branch="false"/>
            <line number="150" hits="0" branch="false"/>
            <line number="152" hits="0" branch="false"/>
            <line number="154" hits="0" branch="false"/>
            <line number="155" hits="0" branch="false"/>
            <line number="156" hits="0" branch="false"/>
            <line number="158" hits="0" branch="false"/>
            <line number="161" hits="0" branch="false"/>
            <line number="162" hits="0" branch="false"/>
            <line number="164" hits="0" branch="false"/>
            <line number="165" hits="0" branch="false"/>
            <line number="166" hits="0" branch="false"/>
            <line number="167" hits="0" branch="false"/>
          </lines>
        </class>
        <class name="find_minver_remote_ref.R" filename="R/find_minver_remote_ref.R" line-rate="0" branch-rate="0" complexity="0">
          <methods>
            <method name="find_minver_remote_ref" signature="" line-rate="0" branch-rate="0">
              <lines>
                <line number="14" hits="0" branch="false"/>
              </lines>
            </method>
            <method name="find_minver_remote_ref.remote_ref" signature="" line-rate="0" branch-rate="0">
              <lines>
                <line number="22" hits="0" branch="false"/>
              </lines>
            </method>
            <method name="find_minver_remote_ref.remote_ref_cran" signature="" line-rate="0" branch-rate="0">
              <lines>
                <line number="35" hits="0" branch="false"/>
                <line number="36" hits="0" branch="false"/>
                <line number="39" hits="0" branch="false"/>
                <line number="40" hits="0" branch="false"/>
                <line number="41" hits="0" branch="false"/>
                <line number="42" hits="0" branch="false"/>
                <line number="43" hits="0" branch="false"/>
                <line number="44" hits="0" branch="false"/>
                <line number="46" hits="0" branch="false"/>
                <line number="47" hits="0" branch="false"/>
              </lines>
            </method>
            <method name="find_minver_remote_ref.remote_ref_standard" signature="" line-rate="0" branch-rate="0">
              <lines>
                <line number="55" hits="0" branch="false"/>
              </lines>
            </method>
            <method name="find_minver_remote_ref.remote_ref_github" signature="" line-rate="0" branch-rate="0">
              <lines>
                <line number="69" hits="0" branch="false"/>
                <line number="70" hits="0" branch="false"/>
                <line number="73" hits="0" branch="false"/>
                <line number="75" hits="0" branch="false"/>
                <line number="76" hits="0" branch="false"/>
                <line number="79" hits="0" branch="false"/>
                <line number="80" hits="0" branch="false"/>
                <line number="82" hits="0" branch="false"/>
                <line number="85" hits="0" branch="false"/>
                <line number="86" hits="0" branch="false"/>
                <line number="87" hits="0" branch="false"/>
                <line number="88" hits="0" branch="false"/>
                <line number="89" hits="0" branch="false"/>
                <line number="93" hits="0" branch="false"/>
                <line number="94" hits="0" branch="false"/>
              </lines>
            </method>
            <method name="get_gh_tags" signature="" line-rate="0" branch-rate="0">
              <lines>
                <line number="100" hits="0" branch="false"/>
                <line number="101" hits="0" branch="false"/>
                <line number="102" hits="0" branch="false"/>
                <line number="103" hits="0" branch="false"/>
                <line number="105" hits="0" branch="false"/>
              </lines>
            </method>
            <method name="get_ver_from_gh" signature="" line-rate="0" branch-rate="0">
              <lines>
                <line number="110" hits="0" branch="false"/>
                <line number="111" hits="0" branch="false"/>
                <line number="112" hits="0" branch="false"/>
                <line number="113" hits="0" branch="false"/>
                <line number="115" hits="0" branch="false"/>
              </lines>
            </method>
            <method name="filter_valid_version" signature="" line-rate="0" branch-rate="0">
              <lines>
                <line number="119" hits="0" branch="false"/>
                <line number="120" hits="0" branch="false"/>
                <line number="121" hits="0" branch="false"/>
                <line number="122" hits="0" branch="false"/>
                <line number="124" hits="0" branch="false"/>
              </lines>
            </method>
          </methods>
          <lines>
            <line number="14" hits="0" branch="false"/>
            <line number="22" hits="0" branch="false"/>
            <line number="35" hits="0" branch="false"/>
            <line number="36" hits="0" branch="false"/>
            <line number="39" hits="0" branch="false"/>
            <line number="40" hits="0" branch="false"/>
            <line number="41" hits="0" branch="false"/>
            <line number="42" hits="0" branch="false"/>
            <line number="43" hits="0" branch="false"/>
            <line number="44" hits="0" branch="false"/>
            <line number="46" hits="0" branch="false"/>
            <line number="47" hits="0" branch="false"/>
            <line number="55" hits="0" branch="false"/>
            <line number="69" hits="0" branch="false"/>
            <line number="70" hits="0" branch="false"/>
            <line number="73" hits="0" branch="false"/>
            <line number="75" hits="0" branch="false"/>
            <line number="76" hits="0" branch="false"/>
            <line number="79" hits="0" branch="false"/>
            <line number="80" hits="0" branch="false"/>
            <line number="82" hits="0" branch="false"/>
            <line number="85" hits="0" branch="false"/>
            <line number="86" hits="0" branch="false"/>
            <line number="87" hits="0" branch="false"/>
            <line number="88" hits="0" branch="false"/>
            <line number="89" hits="0" branch="false"/>
            <line number="93" hits="0" branch="false"/>
            <line number="94" hits="0" branch="false"/>
            <line number="100" hits="0" branch="false"/>
            <line number="101" hits="0" branch="false"/>
            <line number="102" hits="0" branch="false"/>
            <line number="103" hits="0" branch="false"/>
            <line number="105" hits="0" branch="false"/>
            <line number="110" hits="0" branch="false"/>
            <line number="111" hits="0" branch="false"/>
            <line number="112" hits="0" branch="false"/>
            <line number="113" hits="0" branch="false"/>
            <line number="115" hits="0" branch="false"/>
            <line number="119" hits="0" branch="false"/>
            <line number="120" hits="0" branch="false"/>
            <line number="121" hits="0" branch="false"/>
            <line number="122" hits="0" branch="false"/>
            <line number="124" hits="0" branch="false"/>
          </lines>
        </class>
      </classes>
    </package>
  </packages>
</coverage>
